<?xml version="1.0" encoding="UTF-8"?>
<!-- Generated by org.testng.reporters.JUnitReportReporter -->
<testsuite hostname="Venkatesan" failures="0" tests="3" name="com.OrangeHRM.testcases.SearchProduct" time="42.287" errors="0" timestamp="2024-11-20T14:00:42 IST" skipped="0">
  <testcase classname="com.OrangeHRM.testcases.SearchProduct" name="TC03_searchpdt" time="11.961"/>
  <testcase classname="com.OrangeHRM.testcases.SearchProduct" name="TC03_searchpdt" time="17.749"/>
  <testcase classname="com.OrangeHRM.testcases.SearchProduct" name="TC03_searchpdt" time="12.577"/>
</testsuite> <!-- com.OrangeHRM.testcases.SearchProduct -->
