<?xml version="1.0" encoding="UTF-8"?>
<!-- Generated by org.testng.reporters.JUnitReportReporter -->
<testsuite hostname="Venkatesan" failures="0" tests="1" name="com.OrangeHRM.testcases.Logintest" time="8.000" errors="0" timestamp="2025-01-19T17:15:02 IST" skipped="0">
  <testcase classname="com.OrangeHRM.testcases.Logintest" name="TC001_logintest" time="8.000"/>
</testsuite> <!-- com.OrangeHRM.testcases.Logintest -->
