<?xml version="1.0" encoding="UTF-8"?>
<!-- Generated by org.testng.reporters.JUnitReportReporter -->
<testsuite hostname="Venkatesan" failures="0" tests="2" name="com.OrangeHRM.testcases.SearchProduct" time="29.638" errors="0" timestamp="2025-01-19T11:10:04 IST" skipped="0">
  <testcase classname="com.OrangeHRM.testcases.SearchProduct" name="TC03_searchpdt" time="11.731"/>
  <testcase classname="com.OrangeHRM.testcases.SearchProduct" name="TC03_searchpdt" time="17.907"/>
</testsuite> <!-- com.OrangeHRM.testcases.SearchProduct -->
