<?xml version="1.0" encoding="UTF-8"?>
<!-- Generated by org.testng.reporters.JUnitReportReporter -->
<testsuite hostname="Venkatesan" failures="0" tests="1" name="com.OrangeHRM.testcases.Addproduct" time="115.076" errors="0" timestamp="2024-11-21T12:47:04 IST" skipped="0">
  <testcase classname="com.OrangeHRM.testcases.Addproduct" name="TC04_VerifyaddProduct" time="115.076"/>
</testsuite> <!-- com.OrangeHRM.testcases.Addproduct -->
