<?xml version="1.0" encoding="UTF-8"?>
<!-- Generated by org.testng.reporters.JUnitReportReporter -->
<testsuite hostname="Venkatesan" failures="0" tests="5" name="com.OrangeHRM.testcases.Contactustest" time="62.535" errors="0" timestamp="2024-12-05T18:23:53 IST" skipped="0">
  <testcase classname="com.OrangeHRM.testcases.Contactustest" name="TC007_verifycontactus" time="12.631"/>
  <testcase classname="com.OrangeHRM.testcases.Contactustest" name="TC007_verifycontactus" time="12.459"/>
  <testcase classname="com.OrangeHRM.testcases.Contactustest" name="TC007_verifycontactus" time="12.650"/>
  <testcase classname="com.OrangeHRM.testcases.Contactustest" name="TC007_verifycontactus" time="12.308"/>
  <testcase classname="com.OrangeHRM.testcases.Contactustest" name="TC007_verifycontactus" time="12.487"/>
</testsuite> <!-- com.OrangeHRM.testcases.Contactustest -->
