<?xml version="1.0" encoding="UTF-8"?>
<!-- Generated by org.testng.reporters.JUnitReportReporter -->
<testsuite hostname="Venkatesan" failures="0" tests="7" name="com.OrangeHRM.testcases.Categorytest" time="98.908" errors="0" timestamp="2024-11-29T14:20:23 IST" skipped="0">
  <testcase classname="com.OrangeHRM.testcases.Categorytest" name="TC06_ViewCategoryPdts" time="14.289"/>
  <testcase classname="com.OrangeHRM.testcases.Categorytest" name="TC06_ViewCategoryPdts" time="14.591"/>
  <testcase classname="com.OrangeHRM.testcases.Categorytest" name="TC06_ViewCategoryPdts" time="13.686"/>
  <testcase classname="com.OrangeHRM.testcases.Categorytest" name="TC06_ViewCategoryPdts" time="15.332"/>
  <testcase classname="com.OrangeHRM.testcases.Categorytest" name="TC06_ViewCategoryPdts" time="14.059"/>
  <testcase classname="com.OrangeHRM.testcases.Categorytest" name="TC06_ViewCategoryPdts" time="12.950"/>
  <testcase classname="com.OrangeHRM.testcases.Categorytest" name="TC06_ViewCategoryPdts" time="14.001"/>
</testsuite> <!-- com.OrangeHRM.testcases.Categorytest -->
