<?xml version="1.0" encoding="UTF-8"?>
<!-- Generated by org.testng.reporters.JUnitReportReporter -->
<testsuite hostname="Venkatesan" failures="0" tests="1" name="com.OrangeHRM.testcases.SearchProduct" time="12.565" errors="0" timestamp="2024-11-29T14:45:52 IST" skipped="0">
  <testcase classname="com.OrangeHRM.testcases.SearchProduct" name="TC03_searchpdt" time="12.565"/>
</testsuite> <!-- com.OrangeHRM.testcases.SearchProduct -->
