<?xml version="1.0" encoding="UTF-8"?>
<!-- Generated by org.testng.reporters.JUnitReportReporter -->
<testsuite hostname="Venkatesan" failures="0" tests="1" name="com.OrangeHRM.testcases.SearchProduct" time="28.662" errors="0" timestamp="2024-12-05T11:13:10 IST" skipped="0">
  <testcase classname="com.OrangeHRM.testcases.SearchProduct" name="TC03_searchpdt" time="28.662"/>
</testsuite> <!-- com.OrangeHRM.testcases.SearchProduct -->
