<?xml version="1.0" encoding="UTF-8"?>
<!-- Generated by org.testng.reporters.JUnitReportReporter -->
<testsuite hostname="Venkatesan" failures="0" tests="1" name="com.OrangeHRM.testcases.Scrolltest" time="12.171" errors="0" timestamp="2024-12-20T14:39:18 IST" skipped="0">
  <testcase classname="com.OrangeHRM.testcases.Scrolltest" name="verifyscrollpage" time="12.171"/>
</testsuite> <!-- com.OrangeHRM.testcases.Scrolltest -->
