<?xml version="1.0" encoding="UTF-8"?>
<!-- Generated by org.testng.reporters.JUnitReportReporter -->
<testsuite hostname="Venkatesan" failures="0" tests="2" name="com.OrangeHRM.testcases.Logintest" time="20.913" errors="0" timestamp="2024-11-29T14:20:24 IST" skipped="0">
  <testcase classname="com.OrangeHRM.testcases.Logintest" name="TC001_logintest" time="10.709"/>
  <testcase classname="com.OrangeHRM.testcases.Logintest" name="TC001_logintest" time="10.204"/>
</testsuite> <!-- com.OrangeHRM.testcases.Logintest -->
