<?xml version="1.0" encoding="UTF-8"?>
<!-- Generated by org.testng.reporters.JUnitReportReporter -->
<testsuite hostname="Venkatesan" failures="0" tests="1" name="com.OrangeHRM.testcases.Categorytest" time="45.252" errors="0" timestamp="2024-12-05T11:13:10 IST" skipped="0">
  <testcase classname="com.OrangeHRM.testcases.Categorytest" name="TC06_ViewCategoryPdts" time="45.252"/>
</testsuite> <!-- com.OrangeHRM.testcases.Categorytest -->
