<?xml version="1.0" encoding="UTF-8"?>
<!-- Generated by org.testng.reporters.JUnitReportReporter -->
<testsuite hostname="Venkatesan" failures="0" tests="3" name="Testingcode.Test2712" time="20.601" errors="0" timestamp="2024-12-27T09:49:05 IST" skipped="1">
  <testcase classname="Testingcode.Test2712" name="flipkart" time="9.945"/>
  <testcase classname="Testingcode.Test2712" name="flipkart" time="10.656"/>
  <testcase classname="Testingcode.Test2712" name="Login">
    <skipped/>
  </testcase> <!-- Login -->
</testsuite> <!-- Testingcode.Test2712 -->
