<?xml version="1.0" encoding="UTF-8"?>
<!-- Generated by org.testng.reporters.JUnitReportReporter -->
<testsuite hostname="Venkatesan" failures="0" tests="5" name="com.OrangeHRM.testcases.Contactustest" time="67.385" errors="0" timestamp="2024-12-04T13:44:49 IST" skipped="0">
  <testcase classname="com.OrangeHRM.testcases.Contactustest" name="TC007_verifycontactus" time="13.163"/>
  <testcase classname="com.OrangeHRM.testcases.Contactustest" name="TC007_verifycontactus" time="14.526"/>
  <testcase classname="com.OrangeHRM.testcases.Contactustest" name="TC007_verifycontactus" time="12.117"/>
  <testcase classname="com.OrangeHRM.testcases.Contactustest" name="TC007_verifycontactus" time="15.794"/>
  <testcase classname="com.OrangeHRM.testcases.Contactustest" name="TC007_verifycontactus" time="11.785"/>
</testsuite> <!-- com.OrangeHRM.testcases.Contactustest -->
