<?xml version="1.0" encoding="UTF-8"?>
<!-- Generated by org.testng.reporters.JUnitReportReporter -->
<testsuite hostname="Venkatesan" failures="0" tests="1" name="com.OrangeHRM.testcases.Addproduct" time="23.967" errors="0" timestamp="2024-11-20T12:43:09 IST" skipped="0">
  <testcase classname="com.OrangeHRM.testcases.Addproduct" name="TC04_VerifyaddProduct" time="23.967"/>
</testsuite> <!-- com.OrangeHRM.testcases.Addproduct -->
