<?xml version="1.0" encoding="UTF-8"?>
<!-- Generated by org.testng.reporters.JUnitReportReporter -->
<testsuite hostname="Venkatesan" failures="0" tests="4" name="com.OrangeHRM.testcases.SearchProductAndAddProduct" time="78.400" errors="0" timestamp="2024-11-26T10:23:02 IST" skipped="0">
  <testcase classname="com.OrangeHRM.testcases.SearchProductAndAddProduct" name="TC05_SearchandAddpdt" time="18.682"/>
  <testcase classname="com.OrangeHRM.testcases.SearchProductAndAddProduct" name="TC05_SearchandAddpdt" time="19.276"/>
  <testcase classname="com.OrangeHRM.testcases.SearchProductAndAddProduct" name="TC05_SearchandAddpdt" time="23.476"/>
  <testcase classname="com.OrangeHRM.testcases.SearchProductAndAddProduct" name="TC05_SearchandAddpdt" time="16.966"/>
</testsuite> <!-- com.OrangeHRM.testcases.SearchProductAndAddProduct -->
