<?xml version="1.0" encoding="UTF-8"?>
<!-- Generated by org.testng.reporters.JUnitReportReporter -->
<testsuite hostname="Venkatesan" failures="0" tests="1" name="com.OrangeHRM.testcases.Producttest" time="28.781" errors="0" timestamp="2024-12-05T11:13:10 IST" skipped="0">
  <testcase classname="com.OrangeHRM.testcases.Producttest" name="TC02_ViewProduct" time="28.781"/>
</testsuite> <!-- com.OrangeHRM.testcases.Producttest -->
