<?xml version="1.0" encoding="UTF-8"?>
<!-- Generated by org.testng.reporters.JUnitReportReporter -->
<testsuite hostname="Venkatesan" failures="0" tests="4" name="com.OrangeHRM.testcases.Addproduct" time="55.027" errors="0" timestamp="2024-11-29T14:45:52 IST" skipped="0">
  <testcase classname="com.OrangeHRM.testcases.Addproduct" name="TC04_VerifyaddProduct" time="14.656"/>
  <testcase classname="com.OrangeHRM.testcases.Addproduct" name="TC04_VerifyaddProduct" time="12.494"/>
  <testcase classname="com.OrangeHRM.testcases.Addproduct" name="TC04_VerifyaddProduct" time="13.912"/>
  <testcase classname="com.OrangeHRM.testcases.Addproduct" name="TC04_VerifyaddProduct" time="13.965"/>
</testsuite> <!-- com.OrangeHRM.testcases.Addproduct -->
