<?xml version="1.0" encoding="UTF-8"?>
<!-- Generated by org.testng.reporters.JUnitReportReporter -->
<testsuite hostname="Venkatesan" failures="0" tests="2" name="InterviewQuestions.Login" time="10.712" errors="0" timestamp="2025-01-07T23:47:33 IST" skipped="0">
  <testcase classname="InterviewQuestions.Login" name="loginscenario" time="5.985"/>
  <testcase classname="InterviewQuestions.Login" name="loginscenario" time="4.727"/>
</testsuite> <!-- InterviewQuestions.Login -->
