<?xml version="1.0" encoding="UTF-8"?>
<!-- Generated by org.testng.reporters.JUnitReportReporter -->
<testsuite hostname="Venkatesan" failures="0" tests="6" name="com.OrangeHRM.testcases.ValidateLinks" time="167.620" errors="0" timestamp="2024-11-29T19:22:06 IST" skipped="0">
  <testcase classname="com.OrangeHRM.testcases.ValidateLinks" name="TC06_Validatealltabs" time="72.302"/>
  <testcase classname="com.OrangeHRM.testcases.ValidateLinks" name="TC06_Validatealltabs" time="11.080"/>
  <testcase classname="com.OrangeHRM.testcases.ValidateLinks" name="TC06_Validatealltabs" time="17.324"/>
  <testcase classname="com.OrangeHRM.testcases.ValidateLinks" name="TC06_Validatealltabs" time="13.279"/>
  <testcase classname="com.OrangeHRM.testcases.ValidateLinks" name="TC06_Validatealltabs" time="38.456"/>
  <testcase classname="com.OrangeHRM.testcases.ValidateLinks" name="TC06_Validatealltabs" time="15.179"/>
</testsuite> <!-- com.OrangeHRM.testcases.ValidateLinks -->
