<?xml version="1.0" encoding="UTF-8"?>
<!-- Generated by org.testng.reporters.JUnitReportReporter -->
<testsuite hostname="Venkatesan" failures="0" tests="1" name="com.OrangeHRM.testcases.EndToEndScenarioTest" time="28.879" errors="0" timestamp="2024-12-05T18:49:10 IST" skipped="0">
  <testcase classname="com.OrangeHRM.testcases.EndToEndScenarioTest" name="TC08_verifycheckout" time="28.879"/>
</testsuite> <!-- com.OrangeHRM.testcases.EndToEndScenarioTest -->
