<?xml version="1.0" encoding="UTF-8"?>
<!-- Generated by org.testng.reporters.JUnitReportReporter -->
<testsuite hostname="Venkatesan" failures="0" tests="1" name="com.OrangeHRM.testcases.Producttest" time="12.584" errors="0" timestamp="2024-11-29T14:20:23 IST" skipped="0">
  <testcase classname="com.OrangeHRM.testcases.Producttest" name="TC02_ViewProduct" time="12.584"/>
</testsuite> <!-- com.OrangeHRM.testcases.Producttest -->
