<?xml version="1.0" encoding="UTF-8"?>
<!-- Generated by org.testng.reporters.JUnitReportReporter -->
<testsuite hostname="Venkatesan" failures="0" tests="1" name="com.OrangeHRM.testcases.Logintest" time="19.340" errors="0" timestamp="2024-12-28T16:25:35 IST" skipped="0">
  <testcase classname="com.OrangeHRM.testcases.Logintest" name="TC001_logintest" time="19.340"/>
</testsuite> <!-- com.OrangeHRM.testcases.Logintest -->
